[2026-01-20T17:46:10.220Z] [PUT] Updating strategy {
  "id": "cmijvtkjd00003l9x7ncwfah1",
  "updateData": {
    "name": "标准优化文章",
    "prompt": "请以\"{topic}\"为主题，创作一篇针对大模型优化的文章。\n\n关键词：{keywords}\n篇幅要求：3000字\n\n**GEO优化要求**：\n\n1. **清晰的结构层次**\n   - 使用 <h1> 作为主标题（仅一个）\n   - 使用 <h2>、<h3> 构建清晰的内容层次\n   - 每个章节独立完整，可单独理解\n\n2. **问答式内容布局**\n   - 在适当位置加入 \"什么是...?\" \"为什么...?\" \"如何...?\" 等问题\n   - 问题后紧跟详细、准确的回答\n   - 使用 <strong> 标记问题\n\n3. **语义化标记**\n   - 使用 <strong> 标记重要术语和实体（人名、地名、组织）\n   - 使用 <em> 强调关键概念\n   - 使用 <ul>、<li> 列出要点\n\n4. **上下文完整性**\n   - 每段都包含足够的背景信息\n   - 避免使用\"如前所述\"等需要上下文的表达\n   - 确保每个段落都能独立理解\n\n5. **数据和引用**\n   - 包含具体的数据、统计或案例\n   - 使用 <blockquote> 标记引用内容\n\n6. **HTML格式输出**\n   - 使用语义化的HTML标签\n   - 不要包含 <html>、<head>、<body> 等外层标签\n   - 保持良好的代码缩进\n\n**输出示例结构**：\n<h1>主标题</h1>\n<p>引言段落，提供背景和主题概述...</p>\n\n<h2>核心概念</h2>\n<p><strong>什么是[主题]？</strong></p>\n<p>[主题] 是指...</p>\n\n<h2>重要特性/要点</h2>\n<ul>\n  <li><strong>特性1</strong>：详细说明...</li>\n  <li><strong>特性2</strong>：详细说明...</li>\n</ul>\n\n<h2>实际案例/数据</h2>\n<p>根据统计，...</p>\n<blockquote>引用的具体数据或案例</blockquote>\n\n<h2>总结</h2>\n<p>综合以上内容...</p>",
    "temperature": 0.7,
    "maxTokens": 8000,
    "targetType": "article",
    "type": "WRITING"
  }
}
[2026-01-20T17:46:10.561Z] [PUT] Strategy updated {
  "id": "cmijvtkjd00003l9x7ncwfah1",
  "name": "标准优化文章",
  "prompt": "请以\"{topic}\"为主题，创作一篇针对大模型优化的文章。\n\n关键词：{keywords}\n篇幅要求：3000字\n\n**GEO优化要求**：\n\n1. **清晰的结构层次**\n   - 使用 <h1> 作为主标题（仅一个）\n   - 使用 <h2>、<h3> 构建清晰的内容层次\n   - 每个章节独立完整，可单独理解\n\n2. **问答式内容布局**\n   - 在适当位置加入 \"什么是...?\" \"为什么...?\" \"如何...?\" 等问题\n   - 问题后紧跟详细、准确的回答\n   - 使用 <strong> 标记问题\n\n3. **语义化标记**\n   - 使用 <strong> 标记重要术语和实体（人名、地名、组织）\n   - 使用 <em> 强调关键概念\n   - 使用 <ul>、<li> 列出要点\n\n4. **上下文完整性**\n   - 每段都包含足够的背景信息\n   - 避免使用\"如前所述\"等需要上下文的表达\n   - 确保每个段落都能独立理解\n\n5. **数据和引用**\n   - 包含具体的数据、统计或案例\n   - 使用 <blockquote> 标记引用内容\n\n6. **HTML格式输出**\n   - 使用语义化的HTML标签\n   - 不要包含 <html>、<head>、<body> 等外层标签\n   - 保持良好的代码缩进\n\n**输出示例结构**：\n<h1>主标题</h1>\n<p>引言段落，提供背景和主题概述...</p>\n\n<h2>核心概念</h2>\n<p><strong>什么是[主题]？</strong></p>\n<p>[主题] 是指...</p>\n\n<h2>重要特性/要点</h2>\n<ul>\n  <li><strong>特性1</strong>：详细说明...</li>\n  <li><strong>特性2</strong>：详细说明...</li>\n</ul>\n\n<h2>实际案例/数据</h2>\n<p>根据统计，...</p>\n<blockquote>引用的具体数据或案例</blockquote>\n\n<h2>总结</h2>\n<p>综合以上内容...</p>",
  "temperature": 0.7,
  "maxTokens": 8000,
  "targetType": "article",
  "createdAt": "2025-11-29T05:59:57.242Z",
  "updatedAt": "2026-01-20T17:46:10.223Z",
  "type": "WRITING"
}
[2026-01-20T17:59:08.498Z] [PUT] Updating strategy {
  "id": "cmijvtkjd00003l9x7ncwfah1",
  "updateData": {
    "name": "标准优化文章",
    "prompt": "请以\"{topic}\"为主题，创作一篇针对大模型优化的文章。\n\n关键词：{keywords}\n篇幅要求：{length}\n\n**GEO优化要求**：\n\n1. **清晰的结构层次**\n   - 使用 <h1> 作为主标题（仅一个）\n   - 使用 <h2>、<h3> 构建清晰的内容层次\n   - 每个章节独立完整，可单独理解\n\n2. **问答式内容布局**\n   - 在适当位置加入 \"什么是...?\" \"为什么...?\" \"如何...?\" 等问题\n   - 问题后紧跟详细、准确的回答\n   - 使用 <strong> 标记问题\n\n3. **语义化标记**\n   - 使用 <strong> 标记重要术语和实体（人名、地名、组织）\n   - 使用 <em> 强调关键概念\n   - 使用 <ul>、<li> 列出要点\n\n4. **上下文完整性**\n   - 每段都包含足够的背景信息\n   - 避免使用\"如前所述\"等需要上下文的表达\n   - 确保每个段落都能独立理解\n\n5. **数据和引用**\n   - 包含具体的数据、统计或案例\n   - 使用 <blockquote> 标记引用内容\n\n6. **HTML格式输出**\n   - 使用语义化的HTML标签\n   - 不要包含 <html>、<head>、<body> 等外层标签\n   - 保持良好的代码缩进\n\n**输出示例结构**：\n<h1>主标题</h1>\n<p>引言段落，提供背景和主题概述...</p>\n\n<h2>核心概念</h2>\n<p><strong>什么是[主题]？</strong></p>\n<p>[主题] 是指...</p>\n\n<h2>重要特性/要点</h2>\n<ul>\n  <li><strong>特性1</strong>：详细说明...</li>\n  <li><strong>特性2</strong>：详细说明...</li>\n</ul>\n\n<h2>实际案例/数据</h2>\n<p>根据统计，...</p>\n<blockquote>引用的具体数据或案例</blockquote>\n\n<h2>总结</h2>\n<p>综合以上内容...</p>",
    "temperature": 0.7,
    "maxTokens": 8000,
    "targetType": "article",
    "type": "WRITING"
  }
}
[2026-01-20T17:59:08.830Z] [PUT] Strategy updated {
  "id": "cmijvtkjd00003l9x7ncwfah1",
  "name": "标准优化文章",
  "prompt": "请以\"{topic}\"为主题，创作一篇针对大模型优化的文章。\n\n关键词：{keywords}\n篇幅要求：{length}\n\n**GEO优化要求**：\n\n1. **清晰的结构层次**\n   - 使用 <h1> 作为主标题（仅一个）\n   - 使用 <h2>、<h3> 构建清晰的内容层次\n   - 每个章节独立完整，可单独理解\n\n2. **问答式内容布局**\n   - 在适当位置加入 \"什么是...?\" \"为什么...?\" \"如何...?\" 等问题\n   - 问题后紧跟详细、准确的回答\n   - 使用 <strong> 标记问题\n\n3. **语义化标记**\n   - 使用 <strong> 标记重要术语和实体（人名、地名、组织）\n   - 使用 <em> 强调关键概念\n   - 使用 <ul>、<li> 列出要点\n\n4. **上下文完整性**\n   - 每段都包含足够的背景信息\n   - 避免使用\"如前所述\"等需要上下文的表达\n   - 确保每个段落都能独立理解\n\n5. **数据和引用**\n   - 包含具体的数据、统计或案例\n   - 使用 <blockquote> 标记引用内容\n\n6. **HTML格式输出**\n   - 使用语义化的HTML标签\n   - 不要包含 <html>、<head>、<body> 等外层标签\n   - 保持良好的代码缩进\n\n**输出示例结构**：\n<h1>主标题</h1>\n<p>引言段落，提供背景和主题概述...</p>\n\n<h2>核心概念</h2>\n<p><strong>什么是[主题]？</strong></p>\n<p>[主题] 是指...</p>\n\n<h2>重要特性/要点</h2>\n<ul>\n  <li><strong>特性1</strong>：详细说明...</li>\n  <li><strong>特性2</strong>：详细说明...</li>\n</ul>\n\n<h2>实际案例/数据</h2>\n<p>根据统计，...</p>\n<blockquote>引用的具体数据或案例</blockquote>\n\n<h2>总结</h2>\n<p>综合以上内容...</p>",
  "temperature": 0.7,
  "maxTokens": 8000,
  "targetType": "article",
  "createdAt": "2025-11-29T05:59:57.242Z",
  "updatedAt": "2026-01-20T17:59:08.500Z",
  "type": "WRITING"
}
[2026-01-28T16:55:11.651Z] [POST] Creating strategy {
  "name": "geo优化",
  "prompt": "\n1. 核心任务与角色 你现在的身份是：GEO(生成式引擎优化),AI搜索优化领域的资深内容专家。 你需要撰写一篇符合 SEO（搜索引擎优化）和 GEO（生成式引擎优化）标准的高质量文章。 文章主题是：{topic} \n\n2. 关键词策略 (SEO核心) 请严格按照以下要求布局关键词，但必须保持语句通顺，禁止生硬堆砌：\n\n核心关键词 {keywords}： [填入1个核心词]\n\n布局要求： 必须出现在文章标题 (H1)、第一段的前 100 字内、以及至少一个 H2 子标题中。\n\n长尾/辅助关键词 {keywords}： [填入1-2个相关词/同义词]\n\n布局要求： 请在文章正文中自然穿插这些词，确保上下文逻辑连贯。\n\n3. 篇幅与结构控制\n\n目标篇幅： [填入字数，例如：2500字左右]\n\n注意： 不要为了凑字数而说废话。如果内容不足，请通过增加“实际案例”、“详细的操作步骤”或“深度原理解析”来扩展篇幅。\n\n内容结构 (符合GEO)：\n\n开头 (The Hook)： 直接给出核心结论或定义（方便 AI 抓取作为 Snippet）。\n\n正文 (The Meat)： 使用 4-6 个 H2 标题，每个部分内容要详实。\n\n列表 (Lists)： 至少包含 1-2 处项目符号列表或表格（AI 和 读者都喜欢结构化数据）。\n\nFAQ (GEO 诱饵)： 文章末尾必须包含一个 FAQ 环节，针对核心关键词相关的 3 个具体问题进行简短回答。\n\n4. 语气与风格 (自然流畅)\n\n就像和朋友聊天： 使用“你”和“我”的视角，建立连接感。\n\n禁止 AI 腔调： 严禁使用“总而言之”、“综上所述”、“在当今数字化的时代”等陈词滥调。\n\n句式多变： 长短句结合，避免连续使用复杂的从句。\n",
  "targetType": "article",
  "type": "WRITING"
}
[2026-01-28T16:55:12.017Z] [POST] Strategy created {
  "id": "c8eab272-bca5-4541-b852-de4ba5e6f0a9",
  "name": "geo优化",
  "prompt": "\n1. 核心任务与角色 你现在的身份是：GEO(生成式引擎优化),AI搜索优化领域的资深内容专家。 你需要撰写一篇符合 SEO（搜索引擎优化）和 GEO（生成式引擎优化）标准的高质量文章。 文章主题是：{topic} \n\n2. 关键词策略 (SEO核心) 请严格按照以下要求布局关键词，但必须保持语句通顺，禁止生硬堆砌：\n\n核心关键词 {keywords}： [填入1个核心词]\n\n布局要求： 必须出现在文章标题 (H1)、第一段的前 100 字内、以及至少一个 H2 子标题中。\n\n长尾/辅助关键词 {keywords}： [填入1-2个相关词/同义词]\n\n布局要求： 请在文章正文中自然穿插这些词，确保上下文逻辑连贯。\n\n3. 篇幅与结构控制\n\n目标篇幅： [填入字数，例如：2500字左右]\n\n注意： 不要为了凑字数而说废话。如果内容不足，请通过增加“实际案例”、“详细的操作步骤”或“深度原理解析”来扩展篇幅。\n\n内容结构 (符合GEO)：\n\n开头 (The Hook)： 直接给出核心结论或定义（方便 AI 抓取作为 Snippet）。\n\n正文 (The Meat)： 使用 4-6 个 H2 标题，每个部分内容要详实。\n\n列表 (Lists)： 至少包含 1-2 处项目符号列表或表格（AI 和 读者都喜欢结构化数据）。\n\nFAQ (GEO 诱饵)： 文章末尾必须包含一个 FAQ 环节，针对核心关键词相关的 3 个具体问题进行简短回答。\n\n4. 语气与风格 (自然流畅)\n\n就像和朋友聊天： 使用“你”和“我”的视角，建立连接感。\n\n禁止 AI 腔调： 严禁使用“总而言之”、“综上所述”、“在当今数字化的时代”等陈词滥调。\n\n句式多变： 长短句结合，避免连续使用复杂的从句。\n",
  "temperature": 0.7,
  "maxTokens": 8000,
  "targetType": "article",
  "createdAt": "2026-01-28T16:55:11.654Z",
  "updatedAt": "2026-01-28T16:55:11.654Z",
  "type": "WRITING"
}
